<?xml version="1.0" encoding="UTF-8"?>
<testsuite name="fr.ensicaen.ecole.genielogiciel.model.SquareDayAfterWEITest" tests="1" skipped="0" failures="0" errors="0" timestamp="2023-10-13T15:35:19" hostname="LINUXe201pc02" time="0.01">
  <properties/>
  <testcase name="execute()" classname="fr.ensicaen.ecole.genielogiciel.model.SquareDayAfterWEITest" time="0.01"/>
  <system-out><![CDATA[new Brilliant
]]></system-out>
  <system-err><![CDATA[]]></system-err>
</testsuite>
