<?xml version="1.0" encoding="UTF-8"?>
<testsuite name="fr.ensicaen.ecole.genielogiciel.model.SquareDUTTeachingsTest" tests="1" skipped="0" failures="0" errors="0" timestamp="2023-10-13T21:02:53" hostname="DESKTOP-5FPHM5D" time="0.012">
  <properties/>
  <testcase name="execute()" classname="fr.ensicaen.ecole.genielogiciel.model.SquareDUTTeachingsTest" time="0.012"/>
  <system-out><![CDATA[new Brilliant
new Diligent
new Brilliant
Square N4: Vide
Square N4: Vide
Square N6: Vide
]]></system-out>
  <system-err><![CDATA[]]></system-err>
</testsuite>
