<?xml version="1.0" encoding="UTF-8"?>
<testsuite name="fr.ensicaen.ecole.genielogiciel.presenter.LoginPresenterTest" tests="1" skipped="0" failures="0" errors="0" timestamp="2023-09-28T07:30:20" hostname="LINUXe204pc10" time="0.431">
  <properties/>
  <testcase name="should_activate_view_error_display()" classname="fr.ensicaen.ecole.genielogiciel.presenter.LoginPresenterTest" time="0.431"/>
  <system-out><![CDATA[]]></system-out>
  <system-err><![CDATA[]]></system-err>
</testsuite>
