<?xml version="1.0" encoding="UTF-8"?>
<testsuite name="fr.ensicaen.ecole.genielogiciel.model.AdditionTest" tests="1" skipped="0" failures="0" errors="0" timestamp="2023-10-03T07:28:23" hostname="LINUXe207pc03" time="0.014">
  <properties/>
  <testcase name="additionnerNombresPositifs()" classname="fr.ensicaen.ecole.genielogiciel.model.AdditionTest" time="0.014"/>
  <system-out><![CDATA[]]></system-out>
  <system-err><![CDATA[]]></system-err>
</testsuite>
