<?xml version="1.0" encoding="UTF-8"?>
<testsuite name="fr.ensicaen.ecole.genielogiciel.model.AbstractFactoryStudentTest" tests="9" skipped="0" failures="0" errors="0" timestamp="2023-10-13T13:11:30" hostname="LINUXe201pc02" time="0.172">
  <properties/>
  <testcase name="get_student()" classname="fr.ensicaen.ecole.genielogiciel.model.AbstractFactoryStudentTest" time="0.115"/>
  <testcase name="get_squareNumber()" classname="fr.ensicaen.ecole.genielogiciel.model.AbstractFactoryStudentTest" time="0.008"/>
  <testcase name="setSkipNextRoundWEI()" classname="fr.ensicaen.ecole.genielogiciel.model.AbstractFactoryStudentTest" time="0.004"/>
  <testcase name="move()" classname="fr.ensicaen.ecole.genielogiciel.model.AbstractFactoryStudentTest" time="0.009"/>
  <testcase name="increaseSkillLevel()" classname="fr.ensicaen.ecole.genielogiciel.model.AbstractFactoryStudentTest" time="0.005"/>
  <testcase name="nextRoundSkipped()" classname="fr.ensicaen.ecole.genielogiciel.model.AbstractFactoryStudentTest" time="0.002"/>
  <testcase name="getSkillLevel()" classname="fr.ensicaen.ecole.genielogiciel.model.AbstractFactoryStudentTest" time="0.003"/>
  <testcase name="set_squareNumber()" classname="fr.ensicaen.ecole.genielogiciel.model.AbstractFactoryStudentTest" time="0.002"/>
  <testcase name="has_InformaticsProblem()" classname="fr.ensicaen.ecole.genielogiciel.model.AbstractFactoryStudentTest" time="0.006"/>
  <system-out><![CDATA[new Dilettante
new Diligent
new Diligent
new Brilliant
new Brilliant
new Brilliant
new Brilliant
new Brilliant
new Dilettante
]]></system-out>
  <system-err><![CDATA[]]></system-err>
</testsuite>
