<?xml version="1.0" encoding="UTF-8"?>
<testsuite name="fr.ensicaen.ecole.genielogiciel.model.AbstractFactoryStudentTest" tests="9" skipped="0" failures="0" errors="0" timestamp="2023-10-13T13:53:53" hostname="LINUXe201pc02" time="0.062">
  <properties/>
  <testcase name="get_student()" classname="fr.ensicaen.ecole.genielogiciel.model.AbstractFactoryStudentTest" time="0.039"/>
  <testcase name="get_squareNumber()" classname="fr.ensicaen.ecole.genielogiciel.model.AbstractFactoryStudentTest" time="0.002"/>
  <testcase name="setSkipNextRoundWEI()" classname="fr.ensicaen.ecole.genielogiciel.model.AbstractFactoryStudentTest" time="0.002"/>
  <testcase name="move()" classname="fr.ensicaen.ecole.genielogiciel.model.AbstractFactoryStudentTest" time="0.001"/>
  <testcase name="increaseSkillLevel()" classname="fr.ensicaen.ecole.genielogiciel.model.AbstractFactoryStudentTest" time="0.001"/>
  <testcase name="nextRoundSkipped()" classname="fr.ensicaen.ecole.genielogiciel.model.AbstractFactoryStudentTest" time="0.001"/>
  <testcase name="getSkillLevel()" classname="fr.ensicaen.ecole.genielogiciel.model.AbstractFactoryStudentTest" time="0.001"/>
  <testcase name="set_squareNumber()" classname="fr.ensicaen.ecole.genielogiciel.model.AbstractFactoryStudentTest" time="0.001"/>
  <testcase name="has_InformaticsProblem()" classname="fr.ensicaen.ecole.genielogiciel.model.AbstractFactoryStudentTest" time="0.001"/>
  <system-out><![CDATA[new Brilliant
new Diligent
new Dilettante
new Brilliant
new Brilliant
new Diligent
new Brilliant
new Brilliant
new Brilliant
]]></system-out>
  <system-err><![CDATA[]]></system-err>
</testsuite>
