<?xml version="1.0" encoding="UTF-8"?>
<testsuite name="fr.ensicaen.ecole.genielogiciel.model.SquareBDETest" tests="1" skipped="0" failures="0" errors="0" timestamp="2023-10-13T21:36:22" hostname="DESKTOP-5FPHM5D" time="0.004">
  <properties/>
  <testcase name="execute()" classname="fr.ensicaen.ecole.genielogiciel.model.SquareBDETest" time="0.004"/>
  <system-out><![CDATA[new Brilliant
new Brilliant
]]></system-out>
  <system-err><![CDATA[]]></system-err>
</testsuite>
