<?xml version="1.0" encoding="UTF-8"?>
<testsuite name="fr.ensicaen.ecole.genielogiciel.model.SquareExamTest" tests="2" skipped="0" failures="0" errors="0" timestamp="2023-10-13T15:35:19" hostname="LINUXe201pc02" time="0.002">
  <properties/>
  <testcase name="execute()" classname="fr.ensicaen.ecole.genielogiciel.model.SquareExamTest" time="0.001"/>
  <testcase name="get_squareName()" classname="fr.ensicaen.ecole.genielogiciel.model.SquareExamTest" time="0.0"/>
  <system-out><![CDATA[new Brilliant
Square N5: Cours de DUT
new Diligent
]]></system-out>
  <system-err><![CDATA[]]></system-err>
</testsuite>
