<?xml version="1.0" encoding="UTF-8"?>
<testsuite name="fr.ensicaen.ecole.genielogiciel.model.AbstractFactoryStudentTest" tests="3" skipped="0" failures="0" errors="0" timestamp="2023-10-13T21:36:22" hostname="DESKTOP-5FPHM5D" time="0.032">
  <properties/>
  <testcase name="get_student()" classname="fr.ensicaen.ecole.genielogiciel.model.AbstractFactoryStudentTest" time="0.024"/>
  <testcase name="move()" classname="fr.ensicaen.ecole.genielogiciel.model.AbstractFactoryStudentTest" time="0.003"/>
  <testcase name="increaseSkillLevel()" classname="fr.ensicaen.ecole.genielogiciel.model.AbstractFactoryStudentTest" time="0.002"/>
  <system-out><![CDATA[new Brilliant
new Brilliant
new Brilliant
]]></system-out>
  <system-err><![CDATA[]]></system-err>
</testsuite>
