<?xml version="1.0" encoding="UTF-8"?>
<testsuite name="fr.ensicaen.ecole.genielogiciel.model.SquareUniTeachingsTest" tests="1" skipped="0" failures="0" errors="0" timestamp="2023-10-13T13:53:53" hostname="LINUXe201pc02" time="0.002">
  <properties/>
  <testcase name="execute()" classname="fr.ensicaen.ecole.genielogiciel.model.SquareUniTeachingsTest" time="0.002"/>
  <system-out><![CDATA[new Diligent
new Diligent
new Brilliant
Square N6: Vide
Square N4: Vide
Square N4: Vide
]]></system-out>
  <system-err><![CDATA[]]></system-err>
</testsuite>
